Using pre-set license

 COMMAND LINE ARGUMENTS:
/Applications/Unity/Unity.app/Contents/MacOS/Unity
-adb2
-batchMode
-noUpm
-name
AssetImportWorker0
-projectPath
/Users/taylorwatkins/Desktop/Final-Project/Final Project/Final Project
-logFile
Logs/AssetImportWorker0.log
-srvPort
55757
Successfully changed project path to: /Users/taylorwatkins/Desktop/Final-Project/Final Project/Final Project
/Users/taylorwatkins/Desktop/Final-Project/Final Project/Final Project
Using Asset Import Pipeline V2.
Refreshing native plugins compatible for Editor in 106.20 ms, found 1 plugins.
Preloading 0 native plugins for Editor in 0.00 ms.
Initialize engine version: 2021.1.0f1 (61a549675243)
[Subsystems] Discovering subsystems at path /Applications/Unity/Unity.app/Contents/Resources/UnitySubsystems
[Subsystems] Discovering subsystems at path /Users/taylorwatkins/Desktop/Final-Project/Final Project/Final Project/Assets
GfxDevice: creating device client; threaded=0; jobified=0
2021-04-15 08:19:02.843 Unity[63287:5756721] Color LCD preferred device: Intel(R) Iris(TM) Plus Graphics 640 (low power)
2021-04-15 08:19:02.843 Unity[63287:5756721] Metal devices available: 1
2021-04-15 08:19:02.843 Unity[63287:5756721] 0: Intel(R) Iris(TM) Plus Graphics 640 (low power)
2021-04-15 08:19:02.844 Unity[63287:5756721] Using device Intel(R) Iris(TM) Plus Graphics 640 (low power)
Initializing Metal device caps: Intel(R) Iris(TM) Plus Graphics 640
Initialize mono
Mono path[0] = '/Applications/Unity/Unity.app/Contents/Managed'
Mono path[1] = '/Applications/Unity/Unity.app/Contents/MonoBleedingEdge/lib/mono/unityjit'
Mono config path = '/Applications/Unity/Unity.app/Contents/MonoBleedingEdge/etc'
Using monoOptions --debugger-agent=transport=dt_socket,embedding=1,server=y,suspend=n,address=127.0.0.1:56287
Begin MonoManager ReloadAssembly
Registering precompiled unity dll's ...
Register platform support module: /Applications/Unity/Unity.app/Contents/PlaybackEngines/MacStandaloneSupport/UnityEditor.OSXStandalone.Extensions.dll
Registered in 0.004203 seconds.
Native extension for OSXStandalone target not found
Refreshing native plugins compatible for Editor in 108.52 ms, found 1 plugins.
Preloading 0 native plugins for Editor in 0.00 ms.
Mono: successfully reloaded assembly
- Completed reload, in  4.643 seconds
Platform modules already initialized, skipping
Registering precompiled user dll's ...
Registered in 0.004426 seconds.
Begin MonoManager ReloadAssembly
Native extension for OSXStandalone target not found
Refreshing native plugins compatible for Editor in 1.17 ms, found 1 plugins.
Preloading 0 native plugins for Editor in 0.00 ms.
Mono: successfully reloaded assembly
- Completed reload, in  2.008 seconds
Platform modules already initialized, skipping
========================================================================
Worker process is ready to serve import requests
Launching external process: /Applications/Unity/Unity.app/Contents/Tools/UnityShaderCompiler
Launched and connected shader compiler UnityShaderCompiler after 0.02 seconds
Refreshing native plugins compatible for Editor in 0.87 ms, found 1 plugins.
Preloading 0 native plugins for Editor in 0.00 ms.
Unloading 3235 Unused Serialized files (Serialized files now loaded: 0)
System memory in use before: 194.6 MB.
System memory in use after: 194.7 MB.

Unloading 98 unused Assets to reduce memory usage. Loaded Objects now: 3666.
Total: 3.747340 ms (FindLiveObjects: 0.542216 ms CreateObjectMapping: 0.289810 ms MarkObjects: 2.724891 ms  DeleteObjects: 0.188713 ms)

========================================================================
Received Import Request.
  path: Assets/Models/Assets/dataServer.fbx
  artifactKey: Guid(1fb0a59ca3bc54ca5bd66a2dd92229fa) Importer(815301076,1909f56bfc062723c751e8b465ee728b)
Start importing Assets/Models/Assets/dataServer.fbx using Guid(1fb0a59ca3bc54ca5bd66a2dd92229fa) Importer(815301076,1909f56bfc062723c751e8b465ee728b)  -> (artifact id: 'bfe8a4c053e25c3260d1c0c0159780da') in 0.791243 seconds 
========================================================================
Received Import Request.
  Time since last request: 129.008021 seconds.
  path: Assets/Models/Assets/dataServer.mat
  artifactKey: Guid(cd520676cfbb4492fad05f7919d99ef8) Importer(815301076,1909f56bfc062723c751e8b465ee728b)
Start importing Assets/Models/Assets/dataServer.mat using Guid(cd520676cfbb4492fad05f7919d99ef8) Importer(815301076,1909f56bfc062723c751e8b465ee728b)  -> (artifact id: '2f411dff83be4b10190701319b09afa2') in 0.399988 seconds 
========================================================================
Received Import Request.
  Time since last request: 152.239797 seconds.
  path: Assets/Models/Assets/dataServer.mat
  artifactKey: Guid(cd520676cfbb4492fad05f7919d99ef8) Importer(815301076,1909f56bfc062723c751e8b465ee728b)
Start importing Assets/Models/Assets/dataServer.mat using Guid(cd520676cfbb4492fad05f7919d99ef8) Importer(815301076,1909f56bfc062723c751e8b465ee728b)  -> (artifact id: 'e5deaacf9c8ac10e146b85be89073568') in 0.051374 seconds 
========================================================================
Received Import Request.
  Time since last request: 474.808061 seconds.
  path: Assets/Scenes/dataServerRoomModels.unity
  artifactKey: Guid(9d4b3251704984d7c801656ce4e8d8cd) Importer(815301076,1909f56bfc062723c751e8b465ee728b)
Start importing Assets/Scenes/dataServerRoomModels.unity using Guid(9d4b3251704984d7c801656ce4e8d8cd) Importer(815301076,1909f56bfc062723c751e8b465ee728b)  -> (artifact id: 'd75af449d34dd7feae4da0c2aac89603') in 0.006128 seconds 
========================================================================
Received Import Request.
  Time since last request: 243.290775 seconds.
  path: Assets/Models/Assets
  artifactKey: Guid(fec37ae5282d64341a6a61222d263688) Importer(815301076,1909f56bfc062723c751e8b465ee728b)
Start importing Assets/Models/Assets using Guid(fec37ae5282d64341a6a61222d263688) Importer(815301076,1909f56bfc062723c751e8b465ee728b)  -> (artifact id: '59f9f25905be46a3b1c927ac435ae280') in 0.002219 seconds 
========================================================================
Received Import Request.
  Time since last request: 0.069026 seconds.
  path: Assets/Models/Assets/cubicle.fbx
  artifactKey: Guid(36594894954934032b306bd58b7e75d1) Importer(815301076,1909f56bfc062723c751e8b465ee728b)
Start importing Assets/Models/Assets/cubicle.fbx using Guid(36594894954934032b306bd58b7e75d1) Importer(815301076,1909f56bfc062723c751e8b465ee728b)  -> (artifact id: '7e2281d29532a8d9c00e3aacad0d630e') in 0.316969 seconds 
