Using pre-set license

 COMMAND LINE ARGUMENTS:
/Applications/Unity/Hub/Editor/2021.1.0f1/Unity.app/Contents/MacOS/Unity
-adb2
-batchMode
-noUpm
-name
AssetImportWorker0
-projectPath
/Users/jennakohls/Documents/Spring 2021/LMC 2730 Constructing the Moving Image/Final-Project/Final Project/Final Project
-logFile
Logs/AssetImportWorker0.log
-srvPort
52609
Successfully changed project path to: /Users/jennakohls/Documents/Spring 2021/LMC 2730 Constructing the Moving Image/Final-Project/Final Project/Final Project
/Users/jennakohls/Documents/Spring 2021/LMC 2730 Constructing the Moving Image/Final-Project/Final Project/Final Project
Using Asset Import Pipeline V2.
Refreshing native plugins compatible for Editor in 145.85 ms, found 1 plugins.
Preloading 0 native plugins for Editor in 0.00 ms.
Initialize engine version: 2021.1.0f1 (61a549675243)
[Subsystems] Discovering subsystems at path /Applications/Unity/Hub/Editor/2021.1.0f1/Unity.app/Contents/Resources/UnitySubsystems
[Subsystems] Discovering subsystems at path /Users/jennakohls/Documents/Spring 2021/LMC 2730 Constructing the Moving Image/Final-Project/Final Project/Final Project/Assets
GfxDevice: creating device client; threaded=0; jobified=0
2021-04-21 12:01:35.052 Unity[15139:1064891] Color LCD preferred device: Intel(R) Iris(TM) Plus Graphics 650 (low power)
2021-04-21 12:01:35.052 Unity[15139:1064891] Metal devices available: 1
2021-04-21 12:01:35.052 Unity[15139:1064891] 0: Intel(R) Iris(TM) Plus Graphics 650 (low power)
2021-04-21 12:01:35.054 Unity[15139:1064891] Using device Intel(R) Iris(TM) Plus Graphics 650 (low power)
Initializing Metal device caps: Intel(R) Iris(TM) Plus Graphics 650
Initialize mono
Mono path[0] = '/Applications/Unity/Hub/Editor/2021.1.0f1/Unity.app/Contents/Managed'
Mono path[1] = '/Applications/Unity/Hub/Editor/2021.1.0f1/Unity.app/Contents/MonoBleedingEdge/lib/mono/unityjit'
Mono config path = '/Applications/Unity/Hub/Editor/2021.1.0f1/Unity.app/Contents/MonoBleedingEdge/etc'
Using monoOptions --debugger-agent=transport=dt_socket,embedding=1,server=y,suspend=n,address=127.0.0.1:56139
Begin MonoManager ReloadAssembly
Registering precompiled unity dll's ...
Register platform support module: /Applications/Unity/Hub/Editor/2021.1.0f1/PlaybackEngines/WebGLSupport/UnityEditor.WebGL.Extensions.dll
Register platform support module: /Applications/Unity/Hub/Editor/2021.1.0f1/Unity.app/Contents/PlaybackEngines/MacStandaloneSupport/UnityEditor.OSXStandalone.Extensions.dll
Register platform support module: /Applications/Unity/Hub/Editor/2021.1.0f1/PlaybackEngines/WindowsStandaloneSupport/UnityEditor.WindowsStandalone.Extensions.dll
Registered in 0.026105 seconds.
Native extension for WindowsStandalone target not found
Native extension for OSXStandalone target not found
Native extension for WebGL target not found
Refreshing native plugins compatible for Editor in 133.48 ms, found 1 plugins.
Preloading 0 native plugins for Editor in 0.00 ms.
Mono: successfully reloaded assembly
- Completed reload, in  8.775 seconds
Platform modules already initialized, skipping
Registering precompiled user dll's ...
Registered in 0.005782 seconds.
Begin MonoManager ReloadAssembly
Native extension for WindowsStandalone target not found
Native extension for OSXStandalone target not found
Native extension for WebGL target not found
Refreshing native plugins compatible for Editor in 0.80 ms, found 1 plugins.
Preloading 0 native plugins for Editor in 0.00 ms.
Mono: successfully reloaded assembly
- Completed reload, in  2.740 seconds
Platform modules already initialized, skipping
========================================================================
Worker process is ready to serve import requests
Launching external process: /Applications/Unity/Hub/Editor/2021.1.0f1/Unity.app/Contents/Tools/UnityShaderCompiler
Launched and connected shader compiler UnityShaderCompiler after 0.16 seconds
Refreshing native plugins compatible for Editor in 1.48 ms, found 1 plugins.
Preloading 0 native plugins for Editor in 0.00 ms.
Unloading 3237 Unused Serialized files (Serialized files now loaded: 0)
System memory in use before: 208.8 MB.
System memory in use after: 208.5 MB.

Unloading 97 unused Assets to reduce memory usage. Loaded Objects now: 3677.
Total: 4.180840 ms (FindLiveObjects: 0.560423 ms CreateObjectMapping: 0.323996 ms MarkObjects: 2.799179 ms  DeleteObjects: 0.495344 ms)

========================================================================
Received Import Request.
  path: Assets/Scenes/Level 2.unity
  artifactKey: Guid(5b5400db019be4a3e9e4468405431536) Importer(815301076,1909f56bfc062723c751e8b465ee728b)
Start importing Assets/Scenes/Level 2.unity using Guid(5b5400db019be4a3e9e4468405431536) Importer(815301076,1909f56bfc062723c751e8b465ee728b)  -> (artifact id: '9c96df119131823e7790640a31db2ed9') in 0.023555 seconds 
========================================================================
Received Prepare
Registering precompiled user dll's ...
Registered in 0.009117 seconds.
Begin MonoManager ReloadAssembly
Native extension for WindowsStandalone target not found
Native extension for OSXStandalone target not found
Native extension for WebGL target not found
Refreshing native plugins compatible for Editor in 0.82 ms, found 1 plugins.
Preloading 0 native plugins for Editor in 0.00 ms.
Warning: Annotation not found!
UnityEngine.StackTraceUtility:ExtractStackTrace () (at /Users/bokken/buildslave/unity/build/Runtime/Export/Scripting/StackTrace.cs:37)
UnityEditor.ProBuilder.EditorUtility:SetGizmoIconEnabled (System.Type,bool) (at Library/PackageCache/com.unity.probuilder@5.0.3/Editor/EditorCore/EditorUtility.cs:575)
UnityEditor.ProBuilder.HierarchyListener:.cctor () (at Library/PackageCache/com.unity.probuilder@5.0.3/Editor/EditorCore/HierarchyListener.cs:21)
System.Runtime.CompilerServices.RuntimeHelpers:RunClassConstructor (System.RuntimeTypeHandle)
UnityEditor.EditorAssemblies:ProcessInitializeOnLoadAttributes (System.Type[]) (at /Users/bokken/buildslave/unity/build/Editor/Mono/EditorAssemblies.cs:114)

[Library/PackageCache/com.unity.probuilder@5.0.3/Editor/EditorCore/EditorUtility.cs line 575]

Mono: successfully reloaded assembly
- Completed reload, in  1.691 seconds
Platform modules already initialized, skipping
Refreshing native plugins compatible for Editor in 1.92 ms, found 1 plugins.
Preloading 0 native plugins for Editor in 0.00 ms.
Unloading 3176 Unused Serialized files (Serialized files now loaded: 0)
System memory in use before: 204.8 MB.
System memory in use after: 204.6 MB.

Unloading 14 unused Assets to reduce memory usage. Loaded Objects now: 3680.
Total: 3.665684 ms (FindLiveObjects: 0.359224 ms CreateObjectMapping: 0.157115 ms MarkObjects: 2.777890 ms  DeleteObjects: 0.369326 ms)

========================================================================
Received Import Request.
  Time since last request: 427.349942 seconds.
  path: Assets/Materials
  artifactKey: Guid(c4e3784cae5c3470f852b739aa9c0122) Importer(815301076,1909f56bfc062723c751e8b465ee728b)
Start importing Assets/Materials using Guid(c4e3784cae5c3470f852b739aa9c0122) Importer(815301076,1909f56bfc062723c751e8b465ee728b)  -> (artifact id: '3536affc40f098436baf16da280b44d8') in 0.007347 seconds 
========================================================================
Received Import Request.
  Time since last request: 1.556254 seconds.
  path: Assets/Materials/New Material.mat
  artifactKey: Guid(4e6c578fb4d4c49c6b2ef6e2a8d06911) Importer(815301076,1909f56bfc062723c751e8b465ee728b)
Start importing Assets/Materials/New Material.mat using Guid(4e6c578fb4d4c49c6b2ef6e2a8d06911) Importer(815301076,1909f56bfc062723c751e8b465ee728b)  -> (artifact id: 'eb77d67433d4d30f0b55eacf7afa52f4') in 1.080004 seconds 
========================================================================
Received Prepare
Registering precompiled user dll's ...
Registered in 0.005426 seconds.
Begin MonoManager ReloadAssembly
Native extension for WindowsStandalone target not found
Native extension for OSXStandalone target not found
Native extension for WebGL target not found
Refreshing native plugins compatible for Editor in 0.87 ms, found 1 plugins.
Preloading 0 native plugins for Editor in 0.00 ms.
Warning: Annotation not found!
UnityEngine.StackTraceUtility:ExtractStackTrace () (at /Users/bokken/buildslave/unity/build/Runtime/Export/Scripting/StackTrace.cs:37)
UnityEditor.ProBuilder.EditorUtility:SetGizmoIconEnabled (System.Type,bool) (at Library/PackageCache/com.unity.probuilder@5.0.3/Editor/EditorCore/EditorUtility.cs:575)
UnityEditor.ProBuilder.HierarchyListener:.cctor () (at Library/PackageCache/com.unity.probuilder@5.0.3/Editor/EditorCore/HierarchyListener.cs:21)
System.Runtime.CompilerServices.RuntimeHelpers:RunClassConstructor (System.RuntimeTypeHandle)
UnityEditor.EditorAssemblies:ProcessInitializeOnLoadAttributes (System.Type[]) (at /Users/bokken/buildslave/unity/build/Editor/Mono/EditorAssemblies.cs:114)

[Library/PackageCache/com.unity.probuilder@5.0.3/Editor/EditorCore/EditorUtility.cs line 575]

Mono: successfully reloaded assembly
- Completed reload, in  2.177 seconds
Platform modules already initialized, skipping
Refreshing native plugins compatible for Editor in 0.75 ms, found 1 plugins.
Preloading 0 native plugins for Editor in 0.00 ms.
Unloading 3176 Unused Serialized files (Serialized files now loaded: 0)
System memory in use before: 213.3 MB.
System memory in use after: 213.0 MB.

Unloading 14 unused Assets to reduce memory usage. Loaded Objects now: 3723.
Total: 3.674818 ms (FindLiveObjects: 0.443193 ms CreateObjectMapping: 0.304353 ms MarkObjects: 2.553294 ms  DeleteObjects: 0.371168 ms)

========================================================================
Received Import Request.
  Time since last request: 379.329387 seconds.
  path: Assets/Scripts/PlayerCasting.cs
  artifactKey: Guid(10e5d833c394d4b2ca2d11229a1a18fa) Importer(815301076,1909f56bfc062723c751e8b465ee728b)
Start importing Assets/Scripts/PlayerCasting.cs using Guid(10e5d833c394d4b2ca2d11229a1a18fa) Importer(815301076,1909f56bfc062723c751e8b465ee728b)  -> (artifact id: '706e67f26e00b2b3f9257ffa3443b4b6') in 2.718705 seconds 
========================================================================
Received Prepare
Registering precompiled user dll's ...
Registered in 0.002248 seconds.
Begin MonoManager ReloadAssembly
Native extension for WindowsStandalone target not found
Native extension for OSXStandalone target not found
Native extension for WebGL target not found
Refreshing native plugins compatible for Editor in 1.19 ms, found 1 plugins.
Preloading 0 native plugins for Editor in 0.00 ms.
Warning: Annotation not found!
UnityEngine.StackTraceUtility:ExtractStackTrace () (at /Users/bokken/buildslave/unity/build/Runtime/Export/Scripting/StackTrace.cs:37)
UnityEditor.ProBuilder.EditorUtility:SetGizmoIconEnabled (System.Type,bool) (at Library/PackageCache/com.unity.probuilder@5.0.3/Editor/EditorCore/EditorUtility.cs:575)
UnityEditor.ProBuilder.HierarchyListener:.cctor () (at Library/PackageCache/com.unity.probuilder@5.0.3/Editor/EditorCore/HierarchyListener.cs:21)
System.Runtime.CompilerServices.RuntimeHelpers:RunClassConstructor (System.RuntimeTypeHandle)
UnityEditor.EditorAssemblies:ProcessInitializeOnLoadAttributes (System.Type[]) (at /Users/bokken/buildslave/unity/build/Editor/Mono/EditorAssemblies.cs:114)

[Library/PackageCache/com.unity.probuilder@5.0.3/Editor/EditorCore/EditorUtility.cs line 575]

Mono: successfully reloaded assembly
- Completed reload, in  1.614 seconds
Platform modules already initialized, skipping
Refreshing native plugins compatible for Editor in 1.05 ms, found 1 plugins.
Preloading 0 native plugins for Editor in 0.00 ms.
Unloading 3176 Unused Serialized files (Serialized files now loaded: 0)
System memory in use before: 217.8 MB.
System memory in use after: 217.5 MB.

Unloading 14 unused Assets to reduce memory usage. Loaded Objects now: 3726.
Total: 4.903866 ms (FindLiveObjects: 0.441517 ms CreateObjectMapping: 0.274153 ms MarkObjects: 3.845744 ms  DeleteObjects: 0.340199 ms)

========================================================================
Received Import Request.
  Time since last request: 29.015931 seconds.
  path: Assets/Scripts/PlayerCasting.cs
  artifactKey: Guid(10e5d833c394d4b2ca2d11229a1a18fa) Importer(815301076,1909f56bfc062723c751e8b465ee728b)
Start importing Assets/Scripts/PlayerCasting.cs using Guid(10e5d833c394d4b2ca2d11229a1a18fa) Importer(815301076,1909f56bfc062723c751e8b465ee728b)  -> (artifact id: '93e28891c04c03e04f49d7434c70f52f') in 0.009943 seconds 
========================================================================
Received Prepare
Registering precompiled user dll's ...
Registered in 0.004669 seconds.
Begin MonoManager ReloadAssembly
Native extension for WindowsStandalone target not found
Native extension for OSXStandalone target not found
Native extension for WebGL target not found
Refreshing native plugins compatible for Editor in 1.27 ms, found 1 plugins.
Preloading 0 native plugins for Editor in 0.00 ms.
Warning: Annotation not found!
UnityEngine.StackTraceUtility:ExtractStackTrace () (at /Users/bokken/buildslave/unity/build/Runtime/Export/Scripting/StackTrace.cs:37)
UnityEditor.ProBuilder.EditorUtility:SetGizmoIconEnabled (System.Type,bool) (at Library/PackageCache/com.unity.probuilder@5.0.3/Editor/EditorCore/EditorUtility.cs:575)
UnityEditor.ProBuilder.HierarchyListener:.cctor () (at Library/PackageCache/com.unity.probuilder@5.0.3/Editor/EditorCore/HierarchyListener.cs:21)
System.Runtime.CompilerServices.RuntimeHelpers:RunClassConstructor (System.RuntimeTypeHandle)
UnityEditor.EditorAssemblies:ProcessInitializeOnLoadAttributes (System.Type[]) (at /Users/bokken/buildslave/unity/build/Editor/Mono/EditorAssemblies.cs:114)

[Library/PackageCache/com.unity.probuilder@5.0.3/Editor/EditorCore/EditorUtility.cs line 575]

Mono: successfully reloaded assembly
- Completed reload, in  2.125 seconds
Platform modules already initialized, skipping
Refreshing native plugins compatible for Editor in 0.85 ms, found 1 plugins.
Preloading 0 native plugins for Editor in 0.00 ms.
Unloading 3176 Unused Serialized files (Serialized files now loaded: 0)
System memory in use before: 218.0 MB.
System memory in use after: 217.8 MB.

Unloading 14 unused Assets to reduce memory usage. Loaded Objects now: 3729.
Total: 3.068061 ms (FindLiveObjects: 0.264618 ms CreateObjectMapping: 0.144776 ms MarkObjects: 2.326287 ms  DeleteObjects: 0.331264 ms)

========================================================================
Received Prepare
Registering precompiled user dll's ...
Registered in 0.002179 seconds.
Begin MonoManager ReloadAssembly
Native extension for WindowsStandalone target not found
Native extension for OSXStandalone target not found
Native extension for WebGL target not found
Refreshing native plugins compatible for Editor in 1.11 ms, found 1 plugins.
Preloading 0 native plugins for Editor in 0.00 ms.
Warning: Annotation not found!
UnityEngine.StackTraceUtility:ExtractStackTrace () (at /Users/bokken/buildslave/unity/build/Runtime/Export/Scripting/StackTrace.cs:37)
UnityEditor.ProBuilder.EditorUtility:SetGizmoIconEnabled (System.Type,bool) (at Library/PackageCache/com.unity.probuilder@5.0.3/Editor/EditorCore/EditorUtility.cs:575)
UnityEditor.ProBuilder.HierarchyListener:.cctor () (at Library/PackageCache/com.unity.probuilder@5.0.3/Editor/EditorCore/HierarchyListener.cs:21)
System.Runtime.CompilerServices.RuntimeHelpers:RunClassConstructor (System.RuntimeTypeHandle)
UnityEditor.EditorAssemblies:ProcessInitializeOnLoadAttributes (System.Type[]) (at /Users/bokken/buildslave/unity/build/Editor/Mono/EditorAssemblies.cs:114)

[Library/PackageCache/com.unity.probuilder@5.0.3/Editor/EditorCore/EditorUtility.cs line 575]

Mono: successfully reloaded assembly
- Completed reload, in  1.283 seconds
Platform modules already initialized, skipping
Refreshing native plugins compatible for Editor in 0.97 ms, found 1 plugins.
Preloading 0 native plugins for Editor in 0.00 ms.
Unloading 3176 Unused Serialized files (Serialized files now loaded: 0)
System memory in use before: 218.2 MB.
System memory in use after: 218.0 MB.

Unloading 14 unused Assets to reduce memory usage. Loaded Objects now: 3732.
Total: 3.248559 ms (FindLiveObjects: 0.280578 ms CreateObjectMapping: 0.167786 ms MarkObjects: 2.468683 ms  DeleteObjects: 0.329872 ms)

========================================================================
Received Import Request.
  Time since last request: 98.879718 seconds.
  path: Assets/Scripts/TowerFall2.cs
  artifactKey: Guid(ffce7df435da447d7a77664f6e8166d6) Importer(815301076,1909f56bfc062723c751e8b465ee728b)
Start importing Assets/Scripts/TowerFall2.cs using Guid(ffce7df435da447d7a77664f6e8166d6) Importer(815301076,1909f56bfc062723c751e8b465ee728b)  -> (artifact id: 'ec0e21976bc0210e24541c2c0ac14815') in 0.008626 seconds 
========================================================================
Received Prepare
Registering precompiled user dll's ...
Registered in 0.008033 seconds.
Begin MonoManager ReloadAssembly
Native extension for WindowsStandalone target not found
Native extension for OSXStandalone target not found
Native extension for WebGL target not found
Refreshing native plugins compatible for Editor in 0.98 ms, found 1 plugins.
Preloading 0 native plugins for Editor in 0.00 ms.
Warning: Annotation not found!
UnityEngine.StackTraceUtility:ExtractStackTrace () (at /Users/bokken/buildslave/unity/build/Runtime/Export/Scripting/StackTrace.cs:37)
UnityEditor.ProBuilder.EditorUtility:SetGizmoIconEnabled (System.Type,bool) (at Library/PackageCache/com.unity.probuilder@5.0.3/Editor/EditorCore/EditorUtility.cs:575)
UnityEditor.ProBuilder.HierarchyListener:.cctor () (at Library/PackageCache/com.unity.probuilder@5.0.3/Editor/EditorCore/HierarchyListener.cs:21)
System.Runtime.CompilerServices.RuntimeHelpers:RunClassConstructor (System.RuntimeTypeHandle)
UnityEditor.EditorAssemblies:ProcessInitializeOnLoadAttributes (System.Type[]) (at /Users/bokken/buildslave/unity/build/Editor/Mono/EditorAssemblies.cs:114)

[Library/PackageCache/com.unity.probuilder@5.0.3/Editor/EditorCore/EditorUtility.cs line 575]

Mono: successfully reloaded assembly
- Completed reload, in  1.819 seconds
Platform modules already initialized, skipping
Refreshing native plugins compatible for Editor in 3.50 ms, found 1 plugins.
Preloading 0 native plugins for Editor in 0.00 ms.
Unloading 3176 Unused Serialized files (Serialized files now loaded: 0)
System memory in use before: 218.5 MB.
System memory in use after: 218.2 MB.

Unloading 14 unused Assets to reduce memory usage. Loaded Objects now: 3735.
Total: 6.368950 ms (FindLiveObjects: 0.641703 ms CreateObjectMapping: 0.263218 ms MarkObjects: 4.950456 ms  DeleteObjects: 0.510939 ms)

========================================================================
Received Prepare
Registering precompiled user dll's ...
Registered in 0.009385 seconds.
Begin MonoManager ReloadAssembly
Native extension for WindowsStandalone target not found
Native extension for OSXStandalone target not found
Native extension for WebGL target not found
Refreshing native plugins compatible for Editor in 1.55 ms, found 1 plugins.
Preloading 0 native plugins for Editor in 0.00 ms.
Warning: Annotation not found!
UnityEngine.StackTraceUtility:ExtractStackTrace () (at /Users/bokken/buildslave/unity/build/Runtime/Export/Scripting/StackTrace.cs:37)
UnityEditor.ProBuilder.EditorUtility:SetGizmoIconEnabled (System.Type,bool) (at Library/PackageCache/com.unity.probuilder@5.0.3/Editor/EditorCore/EditorUtility.cs:575)
UnityEditor.ProBuilder.HierarchyListener:.cctor () (at Library/PackageCache/com.unity.probuilder@5.0.3/Editor/EditorCore/HierarchyListener.cs:21)
System.Runtime.CompilerServices.RuntimeHelpers:RunClassConstructor (System.RuntimeTypeHandle)
UnityEditor.EditorAssemblies:ProcessInitializeOnLoadAttributes (System.Type[]) (at /Users/bokken/buildslave/unity/build/Editor/Mono/EditorAssemblies.cs:114)

[Library/PackageCache/com.unity.probuilder@5.0.3/Editor/EditorCore/EditorUtility.cs line 575]

Mono: successfully reloaded assembly
- Completed reload, in  2.014 seconds
Platform modules already initialized, skipping
Refreshing native plugins compatible for Editor in 1.01 ms, found 1 plugins.
Preloading 0 native plugins for Editor in 0.00 ms.
Unloading 3182 Unused Serialized files (Serialized files now loaded: 0)
System memory in use before: 218.9 MB.
System memory in use after: 218.6 MB.

Unloading 14 unused Assets to reduce memory usage. Loaded Objects now: 3744.
Total: 5.086653 ms (FindLiveObjects: 0.645246 ms CreateObjectMapping: 0.448364 ms MarkObjects: 3.593681 ms  DeleteObjects: 0.397352 ms)

========================================================================
Received Prepare
Registering precompiled user dll's ...
Registered in 0.003267 seconds.
Begin MonoManager ReloadAssembly
Native extension for WindowsStandalone target not found
Native extension for OSXStandalone target not found
Native extension for WebGL target not found
Refreshing native plugins compatible for Editor in 1.27 ms, found 1 plugins.
Preloading 0 native plugins for Editor in 0.00 ms.
Warning: Annotation not found!
UnityEngine.StackTraceUtility:ExtractStackTrace () (at /Users/bokken/buildslave/unity/build/Runtime/Export/Scripting/StackTrace.cs:37)
UnityEditor.ProBuilder.EditorUtility:SetGizmoIconEnabled (System.Type,bool) (at Library/PackageCache/com.unity.probuilder@5.0.3/Editor/EditorCore/EditorUtility.cs:575)
UnityEditor.ProBuilder.HierarchyListener:.cctor () (at Library/PackageCache/com.unity.probuilder@5.0.3/Editor/EditorCore/HierarchyListener.cs:21)
System.Runtime.CompilerServices.RuntimeHelpers:RunClassConstructor (System.RuntimeTypeHandle)
UnityEditor.EditorAssemblies:ProcessInitializeOnLoadAttributes (System.Type[]) (at /Users/bokken/buildslave/unity/build/Editor/Mono/EditorAssemblies.cs:114)

[Library/PackageCache/com.unity.probuilder@5.0.3/Editor/EditorCore/EditorUtility.cs line 575]

Mono: successfully reloaded assembly
- Completed reload, in  1.860 seconds
Platform modules already initialized, skipping
Refreshing native plugins compatible for Editor in 1.53 ms, found 1 plugins.
Preloading 0 native plugins for Editor in 0.00 ms.
Unloading 3182 Unused Serialized files (Serialized files now loaded: 0)
System memory in use before: 219.2 MB.
System memory in use after: 218.9 MB.

Unloading 14 unused Assets to reduce memory usage. Loaded Objects now: 3747.
Total: 3.656863 ms (FindLiveObjects: 0.453232 ms CreateObjectMapping: 0.250248 ms MarkObjects: 2.576112 ms  DeleteObjects: 0.374738 ms)

========================================================================
Received Import Request.
  Time since last request: 944.930346 seconds.
  path: Assets/Models/AN Interactive Physical Door Pack/documentation.pdf
  artifactKey: Guid(fa2e3ff739ad9694f9806dcbbe17d4bf) Importer(815301076,1909f56bfc062723c751e8b465ee728b)
Start importing Assets/Models/AN Interactive Physical Door Pack/documentation.pdf using Guid(fa2e3ff739ad9694f9806dcbbe17d4bf) Importer(815301076,1909f56bfc062723c751e8b465ee728b)  -> (artifact id: '90904ae792af49d12f0a652da48dcb0d') in 0.461679 seconds 
========================================================================
Received Import Request.
  Time since last request: 15.211406 seconds.
  path: Assets/Models/AN Interactive Physical Door Pack/Materials
  artifactKey: Guid(701e5daf96dddf441800bd51a1dfeea1) Importer(815301076,1909f56bfc062723c751e8b465ee728b)
Start importing Assets/Models/AN Interactive Physical Door Pack/Materials using Guid(701e5daf96dddf441800bd51a1dfeea1) Importer(815301076,1909f56bfc062723c751e8b465ee728b)  -> (artifact id: '76d6ad19ebd7d7cb78d0976512590f77') in 0.002863 seconds 
========================================================================
Received Import Request.
  Time since last request: 1.937011 seconds.
  path: Assets/Models/AN Interactive Physical Door Pack/Prefabs
  artifactKey: Guid(e1eef81f8a730c0469e983aba68da95e) Importer(815301076,1909f56bfc062723c751e8b465ee728b)
Start importing Assets/Models/AN Interactive Physical Door Pack/Prefabs using Guid(e1eef81f8a730c0469e983aba68da95e) Importer(815301076,1909f56bfc062723c751e8b465ee728b)  -> (artifact id: '88507562f3d39089e309ba270a55d610') in 0.001440 seconds 
========================================================================
Received Import Request.
  Time since last request: 2.239930 seconds.
  path: Assets/Models/AN Interactive Physical Door Pack/Scripts
  artifactKey: Guid(7e17a1390b29e1e48a71355db4f1b3bf) Importer(815301076,1909f56bfc062723c751e8b465ee728b)
Start importing Assets/Models/AN Interactive Physical Door Pack/Scripts using Guid(7e17a1390b29e1e48a71355db4f1b3bf) Importer(815301076,1909f56bfc062723c751e8b465ee728b)  -> (artifact id: '54522caad85c16afeeee48d6598bd7b2') in 0.001298 seconds 
========================================================================
Received Import Request.
  Time since last request: 5.408512 seconds.
  path: Assets/Models/AN Interactive Physical Door Pack/Prefabs/Button_Prefab.prefab
  artifactKey: Guid(8ce9455b1080bbc41a3a2b7c67787eaa) Importer(815301076,1909f56bfc062723c751e8b465ee728b)
Start importing Assets/Models/AN Interactive Physical Door Pack/Prefabs/Button_Prefab.prefab using Guid(8ce9455b1080bbc41a3a2b7c67787eaa) Importer(815301076,1909f56bfc062723c751e8b465ee728b)  -> (artifact id: '6c812340f7d0200761255ffbe2312b3d') in 0.334369 seconds 
========================================================================
Received Import Request.
  Time since last request: 0.000291 seconds.
  path: Assets/Models/AN Interactive Physical Door Pack/Prefabs/Plug_Prefab.prefab
  artifactKey: Guid(3ac4eac9dad0c2f478914438235bb36b) Importer(815301076,1909f56bfc062723c751e8b465ee728b)
Start importing Assets/Models/AN Interactive Physical Door Pack/Prefabs/Plug_Prefab.prefab using Guid(3ac4eac9dad0c2f478914438235bb36b) Importer(815301076,1909f56bfc062723c751e8b465ee728b)  -> (artifact id: 'b83e43a1cf3029d887068a26294bce5e') in 0.063923 seconds 
========================================================================
Received Import Request.
  Time since last request: 0.000303 seconds.
  path: Assets/Models/AN Interactive Physical Door Pack/Prefabs/Hero_Prefab.prefab
  artifactKey: Guid(a53b80592d7404d498fb05550c9144d6) Importer(815301076,1909f56bfc062723c751e8b465ee728b)
Start importing Assets/Models/AN Interactive Physical Door Pack/Prefabs/Hero_Prefab.prefab using Guid(a53b80592d7404d498fb05550c9144d6) Importer(815301076,1909f56bfc062723c751e8b465ee728b)  -> (artifact id: '441046302f5cb3370502018a9b867e1c') in 0.028643 seconds 
========================================================================
Received Import Request.
  Time since last request: 0.000980 seconds.
  path: Assets/Models/AN Interactive Physical Door Pack/Prefabs/Door_Prefab_Opened.prefab
  artifactKey: Guid(4ecf6aa2a2182cf4c843c0d565e94cd0) Importer(815301076,1909f56bfc062723c751e8b465ee728b)
Start importing Assets/Models/AN Interactive Physical Door Pack/Prefabs/Door_Prefab_Opened.prefab using Guid(4ecf6aa2a2182cf4c843c0d565e94cd0) Importer(815301076,1909f56bfc062723c751e8b465ee728b)  -> (artifact id: '592a94c94d4e29a63a95425e01908219') in 0.046328 seconds 
========================================================================
Received Import Request.
  Time since last request: 0.000835 seconds.
  path: Assets/Models/AN Interactive Physical Door Pack/Prefabs/Valve_Prefab.prefab
  artifactKey: Guid(ed77bee00f19eb7419ea483b781779b6) Importer(815301076,1909f56bfc062723c751e8b465ee728b)
Start importing Assets/Models/AN Interactive Physical Door Pack/Prefabs/Valve_Prefab.prefab using Guid(ed77bee00f19eb7419ea483b781779b6) Importer(815301076,1909f56bfc062723c751e8b465ee728b)  -> (artifact id: 'db21bc94cb7bfd318f3043fae6c2af32') in 0.025192 seconds 
========================================================================
Received Import Request.
  Time since last request: 0.000643 seconds.
  path: Assets/Models/AN Interactive Physical Door Pack/Prefabs/Socket_Prefab.prefab
  artifactKey: Guid(df06f9cad31d47947affd5ac95ae6c39) Importer(815301076,1909f56bfc062723c751e8b465ee728b)
Start importing Assets/Models/AN Interactive Physical Door Pack/Prefabs/Socket_Prefab.prefab using Guid(df06f9cad31d47947affd5ac95ae6c39) Importer(815301076,1909f56bfc062723c751e8b465ee728b)  -> (artifact id: 'c2e06f705f1783d0b6549cb026a69d0d') in 0.025362 seconds 
========================================================================
Received Import Request.
  Time since last request: 0.000399 seconds.
  path: Assets/Models/AN Interactive Physical Door Pack/Prefabs/Vorota.prefab
  artifactKey: Guid(ac4501ccdcc232141885926250c02bd0) Importer(815301076,1909f56bfc062723c751e8b465ee728b)
Start importing Assets/Models/AN Interactive Physical Door Pack/Prefabs/Vorota.prefab using Guid(ac4501ccdcc232141885926250c02bd0) Importer(815301076,1909f56bfc062723c751e8b465ee728b)  -> (artifact id: '7be3c25915a4213f5b8546cc16444a52') in 0.047277 seconds 
========================================================================
Received Import Request.
  Time since last request: 0.000232 seconds.
  path: Assets/Models/AN Interactive Physical Door Pack/Prefabs/Lever_Prefab.prefab
  artifactKey: Guid(a0164d9c476080e449c72cf58e7709ab) Importer(815301076,1909f56bfc062723c751e8b465ee728b)
Start importing Assets/Models/AN Interactive Physical Door Pack/Prefabs/Lever_Prefab.prefab using Guid(a0164d9c476080e449c72cf58e7709ab) Importer(815301076,1909f56bfc062723c751e8b465ee728b)  -> (artifact id: '52f72aabb0f9ae6532b50c521da9a2db') in 0.034675 seconds 
========================================================================
Received Import Request.
  Time since last request: 0.000330 seconds.
  path: Assets/Models/AN Interactive Physical Door Pack/Prefabs/Door_Prefab_Closed.prefab
  artifactKey: Guid(07dd0ed6acb5c5140a213008cf7b2a1d) Importer(815301076,1909f56bfc062723c751e8b465ee728b)
Start importing Assets/Models/AN Interactive Physical Door Pack/Prefabs/Door_Prefab_Closed.prefab using Guid(07dd0ed6acb5c5140a213008cf7b2a1d) Importer(815301076,1909f56bfc062723c751e8b465ee728b)  -> (artifact id: '451fea64646bdaba3d1f6683fa32e373') in 0.039990 seconds 
========================================================================
Received Import Request.
  Time since last request: 688.696828 seconds.
  path: Assets/Scripts/ReadableObject.cs
  artifactKey: Guid(29af310c297fd4105afd4fbe6ee55a4f) Importer(815301076,1909f56bfc062723c751e8b465ee728b)
Start importing Assets/Scripts/ReadableObject.cs using Guid(29af310c297fd4105afd4fbe6ee55a4f) Importer(815301076,1909f56bfc062723c751e8b465ee728b)  -> (artifact id: '1e2790d5846a49654f676236d6f6af27') in 0.023889 seconds 
========================================================================
Received Prepare
Script is not up to date after domain reload: guid(699d28c513368464e88e836e0ae4c119) path("Assets/Scripts/ReadableObject1.cs") state(2)
Registering precompiled user dll's ...
Registered in 0.005816 seconds.
Begin MonoManager ReloadAssembly
Native extension for WindowsStandalone target not found
Native extension for OSXStandalone target not found
Native extension for WebGL target not found
Refreshing native plugins compatible for Editor in 1.36 ms, found 1 plugins.
Preloading 0 native plugins for Editor in 0.00 ms.
Warning: Annotation not found!
UnityEngine.StackTraceUtility:ExtractStackTrace () (at /Users/bokken/buildslave/unity/build/Runtime/Export/Scripting/StackTrace.cs:37)
UnityEditor.ProBuilder.EditorUtility:SetGizmoIconEnabled (System.Type,bool) (at Library/PackageCache/com.unity.probuilder@5.0.3/Editor/EditorCore/EditorUtility.cs:575)
UnityEditor.ProBuilder.HierarchyListener:.cctor () (at Library/PackageCache/com.unity.probuilder@5.0.3/Editor/EditorCore/HierarchyListener.cs:21)
System.Runtime.CompilerServices.RuntimeHelpers:RunClassConstructor (System.RuntimeTypeHandle)
UnityEditor.EditorAssemblies:ProcessInitializeOnLoadAttributes (System.Type[]) (at /Users/bokken/buildslave/unity/build/Editor/Mono/EditorAssemblies.cs:114)

[Library/PackageCache/com.unity.probuilder@5.0.3/Editor/EditorCore/EditorUtility.cs line 575]

Mono: successfully reloaded assembly
- Completed reload, in  2.022 seconds
Platform modules already initialized, skipping
Script is not up to date after domain reload: guid(699d28c513368464e88e836e0ae4c119) path("Assets/Scripts/ReadableObject1.cs") state(2)
Refreshing native plugins compatible for Editor in 0.83 ms, found 1 plugins.
Preloading 0 native plugins for Editor in 0.00 ms.
Unloading 3182 Unused Serialized files (Serialized files now loaded: 0)
System memory in use before: 228.1 MB.
System memory in use after: 227.8 MB.

Unloading 14 unused Assets to reduce memory usage. Loaded Objects now: 3753.
Total: 3.728919 ms (FindLiveObjects: 0.504831 ms CreateObjectMapping: 0.223752 ms MarkObjects: 2.514227 ms  DeleteObjects: 0.483436 ms)

========================================================================
Received Import Request.
  Time since last request: 8.654495 seconds.
  path: Assets/Scripts/ButtonScript.cs
  artifactKey: Guid(699d28c513368464e88e836e0ae4c119) Importer(815301076,1909f56bfc062723c751e8b465ee728b)
Start importing Assets/Scripts/ButtonScript.cs using Guid(699d28c513368464e88e836e0ae4c119) Importer(815301076,1909f56bfc062723c751e8b465ee728b)  -> (artifact id: '7db48747b4b13eabe130cae40bc448da') in 0.012454 seconds 
========================================================================
Received Import Request.
  Time since last request: 96.684982 seconds.
  path: Assets/Scripts/ButtonScript.cs
  artifactKey: Guid(699d28c513368464e88e836e0ae4c119) Importer(815301076,1909f56bfc062723c751e8b465ee728b)
Start importing Assets/Scripts/ButtonScript.cs using Guid(699d28c513368464e88e836e0ae4c119) Importer(815301076,1909f56bfc062723c751e8b465ee728b)  -> (artifact id: '4b8ad9d151f671f494fbe575d571151b') in 0.012232 seconds 
========================================================================
Received Import Request.
  Time since last request: 111.090568 seconds.
  path: Assets/Scripts/ButtonScript.cs
  artifactKey: Guid(699d28c513368464e88e836e0ae4c119) Importer(815301076,1909f56bfc062723c751e8b465ee728b)
Start importing Assets/Scripts/ButtonScript.cs using Guid(699d28c513368464e88e836e0ae4c119) Importer(815301076,1909f56bfc062723c751e8b465ee728b)  -> (artifact id: '4d731af4d99a721682b8141038b88752') in 0.004796 seconds 
========================================================================
Received Prepare
Registering precompiled user dll's ...
Registered in 0.003611 seconds.
Begin MonoManager ReloadAssembly
Native extension for WindowsStandalone target not found
Native extension for OSXStandalone target not found
Native extension for WebGL target not found
Refreshing native plugins compatible for Editor in 1.55 ms, found 1 plugins.
Preloading 0 native plugins for Editor in 0.00 ms.
Warning: Annotation not found!
UnityEngine.StackTraceUtility:ExtractStackTrace () (at /Users/bokken/buildslave/unity/build/Runtime/Export/Scripting/StackTrace.cs:37)
UnityEditor.ProBuilder.EditorUtility:SetGizmoIconEnabled (System.Type,bool) (at Library/PackageCache/com.unity.probuilder@5.0.3/Editor/EditorCore/EditorUtility.cs:575)
UnityEditor.ProBuilder.HierarchyListener:.cctor () (at Library/PackageCache/com.unity.probuilder@5.0.3/Editor/EditorCore/HierarchyListener.cs:21)
System.Runtime.CompilerServices.RuntimeHelpers:RunClassConstructor (System.RuntimeTypeHandle)
UnityEditor.EditorAssemblies:ProcessInitializeOnLoadAttributes (System.Type[]) (at /Users/bokken/buildslave/unity/build/Editor/Mono/EditorAssemblies.cs:114)

[Library/PackageCache/com.unity.probuilder@5.0.3/Editor/EditorCore/EditorUtility.cs line 575]

Mono: successfully reloaded assembly
- Completed reload, in  1.671 seconds
Platform modules already initialized, skipping
Refreshing native plugins compatible for Editor in 1.28 ms, found 1 plugins.
Preloading 0 native plugins for Editor in 0.00 ms.
Unloading 3183 Unused Serialized files (Serialized files now loaded: 0)
System memory in use before: 228.4 MB.
System memory in use after: 228.1 MB.

Unloading 14 unused Assets to reduce memory usage. Loaded Objects now: 3757.
Total: 3.243833 ms (FindLiveObjects: 0.317406 ms CreateObjectMapping: 0.177800 ms MarkObjects: 2.396510 ms  DeleteObjects: 0.351080 ms)

========================================================================
Received Import Request.
  Time since last request: 34.165487 seconds.
  path: Assets/Scripts/ButtonScript.cs
  artifactKey: Guid(699d28c513368464e88e836e0ae4c119) Importer(815301076,1909f56bfc062723c751e8b465ee728b)
Start importing Assets/Scripts/ButtonScript.cs using Guid(699d28c513368464e88e836e0ae4c119) Importer(815301076,1909f56bfc062723c751e8b465ee728b)  -> (artifact id: 'bab5916b0cfe838e1b81b53d112d27e1') in 0.011971 seconds 
========================================================================
Received Prepare
Registering precompiled user dll's ...
Registered in 0.002025 seconds.
Begin MonoManager ReloadAssembly
Native extension for WindowsStandalone target not found
Native extension for OSXStandalone target not found
Native extension for WebGL target not found
Refreshing native plugins compatible for Editor in 1.20 ms, found 1 plugins.
Preloading 0 native plugins for Editor in 0.00 ms.
Warning: Annotation not found!
UnityEngine.StackTraceUtility:ExtractStackTrace () (at /Users/bokken/buildslave/unity/build/Runtime/Export/Scripting/StackTrace.cs:37)
UnityEditor.ProBuilder.EditorUtility:SetGizmoIconEnabled (System.Type,bool) (at Library/PackageCache/com.unity.probuilder@5.0.3/Editor/EditorCore/EditorUtility.cs:575)
UnityEditor.ProBuilder.HierarchyListener:.cctor () (at Library/PackageCache/com.unity.probuilder@5.0.3/Editor/EditorCore/HierarchyListener.cs:21)
System.Runtime.CompilerServices.RuntimeHelpers:RunClassConstructor (System.RuntimeTypeHandle)
UnityEditor.EditorAssemblies:ProcessInitializeOnLoadAttributes (System.Type[]) (at /Users/bokken/buildslave/unity/build/Editor/Mono/EditorAssemblies.cs:114)

[Library/PackageCache/com.unity.probuilder@5.0.3/Editor/EditorCore/EditorUtility.cs line 575]

Mono: successfully reloaded assembly
- Completed reload, in  1.467 seconds
Platform modules already initialized, skipping
Refreshing native plugins compatible for Editor in 0.80 ms, found 1 plugins.
Preloading 0 native plugins for Editor in 0.00 ms.
Unloading 3183 Unused Serialized files (Serialized files now loaded: 0)
System memory in use before: 228.6 MB.
System memory in use after: 228.3 MB.

Unloading 14 unused Assets to reduce memory usage. Loaded Objects now: 3760.
Total: 3.077790 ms (FindLiveObjects: 0.284473 ms CreateObjectMapping: 0.155883 ms MarkObjects: 2.283125 ms  DeleteObjects: 0.353104 ms)

========================================================================
Received Prepare
Registering precompiled user dll's ...
Registered in 0.001797 seconds.
Begin MonoManager ReloadAssembly
Native extension for WindowsStandalone target not found
Native extension for OSXStandalone target not found
Native extension for WebGL target not found
Refreshing native plugins compatible for Editor in 0.81 ms, found 1 plugins.
Preloading 0 native plugins for Editor in 0.00 ms.
Warning: Annotation not found!
UnityEngine.StackTraceUtility:ExtractStackTrace () (at /Users/bokken/buildslave/unity/build/Runtime/Export/Scripting/StackTrace.cs:37)
UnityEditor.ProBuilder.EditorUtility:SetGizmoIconEnabled (System.Type,bool) (at Library/PackageCache/com.unity.probuilder@5.0.3/Editor/EditorCore/EditorUtility.cs:575)
UnityEditor.ProBuilder.HierarchyListener:.cctor () (at Library/PackageCache/com.unity.probuilder@5.0.3/Editor/EditorCore/HierarchyListener.cs:21)
System.Runtime.CompilerServices.RuntimeHelpers:RunClassConstructor (System.RuntimeTypeHandle)
UnityEditor.EditorAssemblies:ProcessInitializeOnLoadAttributes (System.Type[]) (at /Users/bokken/buildslave/unity/build/Editor/Mono/EditorAssemblies.cs:114)

[Library/PackageCache/com.unity.probuilder@5.0.3/Editor/EditorCore/EditorUtility.cs line 575]

Mono: successfully reloaded assembly
- Completed reload, in  1.385 seconds
Platform modules already initialized, skipping
Refreshing native plugins compatible for Editor in 1.02 ms, found 1 plugins.
Preloading 0 native plugins for Editor in 0.00 ms.
Unloading 3183 Unused Serialized files (Serialized files now loaded: 0)
System memory in use before: 228.9 MB.
System memory in use after: 228.6 MB.

Unloading 14 unused Assets to reduce memory usage. Loaded Objects now: 3763.
Total: 3.555523 ms (FindLiveObjects: 0.323163 ms CreateObjectMapping: 0.208297 ms MarkObjects: 2.645397 ms  DeleteObjects: 0.376268 ms)

========================================================================
Received Prepare
Registering precompiled user dll's ...
Registered in 0.008888 seconds.
Begin MonoManager ReloadAssembly
Native extension for WindowsStandalone target not found
Native extension for OSXStandalone target not found
Native extension for WebGL target not found
Refreshing native plugins compatible for Editor in 0.91 ms, found 1 plugins.
Preloading 0 native plugins for Editor in 0.00 ms.
Warning: Annotation not found!
UnityEngine.StackTraceUtility:ExtractStackTrace () (at /Users/bokken/buildslave/unity/build/Runtime/Export/Scripting/StackTrace.cs:37)
UnityEditor.ProBuilder.EditorUtility:SetGizmoIconEnabled (System.Type,bool) (at Library/PackageCache/com.unity.probuilder@5.0.3/Editor/EditorCore/EditorUtility.cs:575)
UnityEditor.ProBuilder.HierarchyListener:.cctor () (at Library/PackageCache/com.unity.probuilder@5.0.3/Editor/EditorCore/HierarchyListener.cs:21)
System.Runtime.CompilerServices.RuntimeHelpers:RunClassConstructor (System.RuntimeTypeHandle)
UnityEditor.EditorAssemblies:ProcessInitializeOnLoadAttributes (System.Type[]) (at /Users/bokken/buildslave/unity/build/Editor/Mono/EditorAssemblies.cs:114)

[Library/PackageCache/com.unity.probuilder@5.0.3/Editor/EditorCore/EditorUtility.cs line 575]

Mono: successfully reloaded assembly
- Completed reload, in  3.105 seconds
Platform modules already initialized, skipping
Refreshing native plugins compatible for Editor in 0.74 ms, found 1 plugins.
Preloading 0 native plugins for Editor in 0.00 ms.
Unloading 3183 Unused Serialized files (Serialized files now loaded: 0)
System memory in use before: 229.1 MB.
System memory in use after: 228.9 MB.

Unloading 14 unused Assets to reduce memory usage. Loaded Objects now: 3766.
Total: 36.500485 ms (FindLiveObjects: 1.165637 ms CreateObjectMapping: 0.321075 ms MarkObjects: 34.172470 ms  DeleteObjects: 0.837217 ms)

